<?xml version="1.0" encoding="UTF-8"?>
<!-- Generated by org.testng.reporters.JUnitReportReporter -->
<testsuite hostname="DESKTOP-US8MHMD" failures="0" tests="3" name="test.CorrectSearchTest" time="3.696" errors="0" timestamp="2023-07-17T20:26:30 MSK" skipped="0">
  <testcase classname="test.CorrectSearchTest" name="doSelectedItemsCorrespondToSearchRequestOne" time="2.320"/>
  <system-out/>
  <testcase classname="test.CorrectSearchTest" name="doSelectedItemsCorrespondToSearchRequestTwo" time="0.582"/>
  <system-out/>
  <testcase classname="test.CorrectSearchTest" name="doSelectedItemsCorrespondToSearchRequestThree" time="0.794"/>
  <system-out/>
</testsuite> <!-- test.CorrectSearchTest -->
