<?xml version="1.0" encoding="UTF-8"?>
<!-- Generated by org.testng.reporters.JUnitReportReporter -->
<testsuite hostname="WIN-5EQ15D0PMCQ" failures="0" tests="3" name="test.CorrectSearchTest" time="6.625" errors="0" timestamp="2023-07-17T19:10:28 MSK" skipped="0">
  <testcase classname="test.CorrectSearchTest" name="doSelectedItemsCorrespondToSearchRequestTwo" time="1.102"/>
  <system-out/>
  <testcase classname="test.CorrectSearchTest" name="doSelectedItemsCorrespondToSearchRequestOne" time="4.387"/>
  <system-out/>
  <testcase classname="test.CorrectSearchTest" name="doSelectedItemsCorrespondToSearchRequestThree" time="1.136"/>
  <system-out/>
</testsuite> <!-- test.CorrectSearchTest -->
