<?xml version="1.0" encoding="UTF-8"?>
<!-- Generated by org.testng.reporters.JUnitReportReporter -->
<testsuite hostname="WIN-5EQ15D0PMCQ" failures="0" tests="1" name="test.WebDriverFishTest" time="0.009" errors="0" timestamp="2023-07-10T16:12:08 MSK" skipped="0">
  <testcase classname="test.WebDriverFishTest" name="areSmthOK" time="0.009"/>
  <system-out/>
</testsuite> <!-- test.WebDriverFishTest -->
