<?xml version="1.0" encoding="UTF-8"?>
<!-- Generated by org.testng.reporters.JUnitReportReporter -->
<testsuite hostname="WIN-5EQ15D0PMCQ" failures="0" tests="3" name="test.CorrectSearchTest" time="15.812" errors="0" timestamp="2023-07-11T12:20:43 MSK" skipped="0">
  <testcase classname="test.CorrectSearchTest" name="doSelectedItemsCorrespondToSearchRequestOne" time="13.943"/>
  <system-out/>
  <testcase classname="test.CorrectSearchTest" name="doSelectedItemsCorrespondToSearchRequestTwo" time="0.931"/>
  <system-out/>
  <testcase classname="test.CorrectSearchTest" name="doSelectedItemsCorrespondToSearchRequestThree" time="0.938"/>
  <system-out/>
</testsuite> <!-- test.CorrectSearchTest -->
